<?xml version="1.0" encoding="UTF-8"?>
<testng-results ignored="0" total="1" passed="1" failed="0" skipped="0">
  <reporter-output>
  </reporter-output>
  <suite started-at="2024-06-23T15:36:24 IST" name="Suite" finished-at="2024-06-23T15:36:42 IST" duration-ms="18024">
    <groups>
      <group name="cucumber">
        <method signature="AbstractTestNGCucumberTests.runScenario(io.cucumber.testng.PickleWrapper,io.cucumber.testng.FeatureWrapper)[pri:0, instance:TestRunner.TestRunner@942a29c]" name="runScenario" class="io.cucumber.testng.AbstractTestNGCucumberTests"/>
      </group> <!-- cucumber -->
    </groups>
    <test started-at="2024-06-23T15:36:24 IST" name="MyStoreTC" finished-at="2024-06-23T15:36:42 IST" duration-ms="18024">
      <class name="TestRunner.TestRunner">
        <test-method is-config="true" signature="setUpClass(org.testng.ITestContext)[pri:0, instance:TestRunner.TestRunner@942a29c]" started-at="2024-06-23T15:36:24 IST" name="setUpClass" finished-at="2024-06-23T15:36:25 IST" duration-ms="670" status="PASS">
          <params>
            <param index="0">
              <value>
                <![CDATA[org.testng.TestRunner@1729ec00]]>
              </value>
            </param>
          </params>
          <reporter-output>
          </reporter-output>
        </test-method> <!-- setUpClass -->
        <test-method signature="runScenario(io.cucumber.testng.PickleWrapper,io.cucumber.testng.FeatureWrapper)[pri:0, instance:TestRunner.TestRunner@942a29c]" started-at="2024-06-23T15:36:25 IST" name="runScenario" description="Runs Cucumber Scenarios" data-provider="scenarios" finished-at="2024-06-23T15:36:42 IST" duration-ms="17213" status="PASS">
          <params>
            <param index="0">
              <value>
                <![CDATA["Checkin login is successful with correct credentials"]]>
              </value>
            </param>
            <param index="1">
              <value>
                <![CDATA["Sauce App Automation"]]>
              </value>
            </param>
          </params>
          <reporter-output>
          </reporter-output>
        </test-method> <!-- runScenario -->
        <test-method is-config="true" signature="tearDownClass()[pri:0, instance:TestRunner.TestRunner@942a29c]" started-at="2024-06-23T15:36:42 IST" name="tearDownClass" finished-at="2024-06-23T15:36:42 IST" duration-ms="107" status="PASS">
          <reporter-output>
          </reporter-output>
        </test-method> <!-- tearDownClass -->
      </class> <!-- TestRunner.TestRunner -->
    </test> <!-- MyStoreTC -->
  </suite> <!-- Suite -->
</testng-results>
