<?xml version="1.0" encoding="UTF-8"?>
<testsuite xmlns:xsi="http://www.w3.org/2001/XMLSchema-instance" xsi:noNamespaceSchemaLocation="https://maven.apache.org/surefire/maven-surefire-plugin/xsd/surefire-test-report-3.0.xsd" version="3.0" name="TestSuite" time="17.901" tests="6" errors="0" skipped="0" failures="0">
  <properties>
[...]
</properties>
  <testcase name="runScenario[&quot;Checkin login is successful with correct credentials&quot;, &quot;Sauce App Automation&quot;](1)" classname="TestRunner.TestRunner" time="16.969">
    <system-out><![CDATA[
Scenario Outline: Checkin login is successful with correct credentials &amp#27;[90m# src/test/resources/Features/login.feature:14&amp#27;[0m
  &amp#27;[32mGiven &amp#27;[0m&amp#27;[32mUser on login Page &amp#27;[0m&amp#27;[32m&amp#27;[1m"https://www.saucedemo.com/"&amp#27;[0m                &amp#27;[90m# StepDefinitions.LoginStepsDefinition.user_on_login_page(java.lang.String)&amp#27;[0m
  &amp#27;[32mWhen &amp#27;[0m&amp#27;[32mUser has valid &amp#27;[0m&amp#27;[32m&amp#27;[1m"standard_user"&amp#27;[0m&amp#27;[32m and &amp#27;[0m&amp#27;[32m&amp#27;[1m"secret_sauce"&amp#27;[0m               &amp#27;[90m# StepDefinitions.LoginStepsDefinition.user_has_valid_username_and_password(java.lang.String,java.lang.String)&amp#27;[0m
  &amp#27;[32mAnd &amp#27;[0m&amp#27;[32mUser clicks on Login button&amp#27;[0m                                      &amp#27;[90m# StepDefinitions.LoginStepsDefinition.user_clicks_on_login_button()&amp#27;[0m
  &amp#27;[32mThen &amp#27;[0m&amp#27;[32mUser navigates to home page&amp#27;[0m                                     &amp#27;[90m# StepDefinitions.LoginStepsDefinition.user_navigates_to_home_page()&amp#27;[0m
  &amp#27;[32mThen &amp#27;[0m&amp#27;[32mSelect Sorting criteria by &amp#27;[0m&amp#27;[32m&amp#27;[1m"Price (low to high)"&amp#27;[0m                &amp#27;[90m# StepDefinitions.LoginStepsDefinition.select_sorting_criteria_by(java.lang.String)&amp#27;[0m
  &amp#27;[32mAnd &amp#27;[0m&amp#27;[32mUser clicks on cart&amp#27;[0m                                              &amp#27;[90m# StepDefinitions.LoginStepsDefinition.user_clicks_on_cart()&amp#27;[0m
  &amp#27;[32mThen &amp#27;[0m&amp#27;[32mUser goes to cart Page and see no items are added by default&amp#27;[0m    &amp#27;[90m# StepDefinitions.LoginStepsDefinition.user_goes_to_cart_page_and_see_no_items_are_added_by_default()&amp#27;[0m
  &amp#27;[32mAnd &amp#27;[0m&amp#27;[32mclose browser&amp#27;[0m                                                    &amp#27;[90m# StepDefinitions.LoginStepsDefinition.close_browser()&amp#27;[0m
]]></system-out>
    <system-err><![CDATA[SLF4J: Failed to load class "org.slf4j.impl.StaticLoggerBinder".
SLF4J: Defaulting to no-operation (NOP) logger implementation
SLF4J: See http://www.slf4j.org/codes.html#StaticLoggerBinder for further details.
]]></system-err>
  </testcase>
  <testcase name="runScenario[&quot;Scenario 1&quot;, &quot;feature 1&quot;](1)" classname="TestRunner.TestRunnerFeatureWithTags" time="0.003">
    <system-out><![CDATA[
@Feature1 @smoke
Scenario: Scenario 1 &amp#27;[90m# src/test/resources/FeaturesWithTags/FeatureWithTag1.feature:5&amp#27;[0m
]]></system-out>
  </testcase>
  <testcase name="runScenario[&quot;Scenario 1&quot;, &quot;feature 2&quot;](2)" classname="TestRunner.TestRunnerFeatureWithTags" time="0.001">
    <system-out><![CDATA[
@Feature2 @smoke
Scenario: Scenario 1 &amp#27;[90m# src/test/resources/FeaturesWithTags/FeatureWithTag2.feature:5&amp#27;[0m
]]></system-out>
  </testcase>
  <testcase name="runScenario[&quot;Scenario 1&quot;, &quot;feature 3&quot;](3)" classname="TestRunner.TestRunnerFeatureWithTags" time="0.003">
    <system-out><![CDATA[
@Feature3 @smoke
Scenario: Scenario 1 &amp#27;[90m# src/test/resources/FeaturesWithTags/FeatureWithTag3.feature:5&amp#27;[0m
]]></system-out>
  </testcase>
  <testcase name="runScenario[&quot;Scenario 2&quot;, &quot;feature 3&quot;](4)" classname="TestRunner.TestRunnerFeatureWithTags" time="0.001">
    <system-out><![CDATA[
@Feature3 @regression @sanity
Scenario: Scenario 2 &amp#27;[90m# src/test/resources/FeaturesWithTags/FeatureWithTag3.feature:12&amp#27;[0m
]]></system-out>
  </testcase>
  <testcase name="runScenario[&quot;Scenario 3&quot;, &quot;feature 3&quot;](5)" classname="TestRunner.TestRunnerFeatureWithTags" time="0.003">
    <system-out><![CDATA[
@Feature3 @sanity
Scenario: Scenario 3 &amp#27;[90m# src/test/resources/FeaturesWithTags/FeatureWithTag3.feature:19&amp#27;[0m
]]></system-out>
  </testcase>
</testsuite>